2025-04-30 12:42:43 Starting Game Outcome Predictions
Building historical GameData (2021-2024)...
Processing year 2021...
Processing year 2022...
Processing year 2023...
Processing year 2024...
Training models...
Training Linear Regression models...
Linear Regression Home RMSE: 3.040
Linear Regression Away RMSE: 3.180
Training GBM models...
GBM Home RMSE: 3.048
GBM Away RMSE: 3.199
Training Poisson Regression models...
Poisson Home RMSE: 3.043
Poisson Away RMSE: 3.182
Training Random Forest models...
Random Forest Home RMSE: 3.277
Random Forest Away RMSE: 3.453
Best home model: linear_home (RMSE: 3.040)
Best away model: linear_away (RMSE: 3.180)
Processing 2025 season data...
Training win probability models...
Using Logistic Regression for win probability

✅ Script completed successfully
