2025-04-30 08:17:24 Starting Team Elo System Implementation
Using optimized parameters:
K: 20
Cap: 50
Decay: 0.80
Floor: 5
Processed 100 of 9528 games (1.0%)
Processed 200 of 9528 games (2.1%)
Processed 300 of 9528 games (3.1%)
Processed 400 of 9528 games (4.2%)
Processed 500 of 9528 games (5.2%)
Processed 600 of 9528 games (6.3%)
Processed 700 of 9528 games (7.3%)
Processed 800 of 9528 games (8.4%)
Processed 900 of 9528 games (9.4%)
Processed 1000 of 9528 games (10.5%)
Processed 1100 of 9528 games (11.5%)
Processed 1200 of 9528 games (12.6%)
Processed 1300 of 9528 games (13.6%)
Processed 1400 of 9528 games (14.7%)
Processed 1500 of 9528 games (15.7%)
Processed 1600 of 9528 games (16.8%)
Processed 1700 of 9528 games (17.8%)
Processed 1800 of 9528 games (18.9%)
Processed 1900 of 9528 games (19.9%)
Processed 2000 of 9528 games (21.0%)
Processed 2100 of 9528 games (22.0%)
Processed 2200 of 9528 games (23.1%)
Processed 2300 of 9528 games (24.1%)
🔄 New season detected (2022), resetting Elo to 1000
Processed 2400 of 9528 games (25.2%)
Processed 2500 of 9528 games (26.2%)
Processed 2600 of 9528 games (27.3%)
Processed 2700 of 9528 games (28.3%)
Processed 2800 of 9528 games (29.4%)
Processed 2900 of 9528 games (30.4%)
Processed 3000 of 9528 games (31.5%)
Processed 3100 of 9528 games (32.5%)
Processed 3200 of 9528 games (33.6%)
Processed 3300 of 9528 games (34.6%)
Processed 3400 of 9528 games (35.7%)
Processed 3500 of 9528 games (36.7%)
Processed 3600 of 9528 games (37.8%)
Processed 3700 of 9528 games (38.8%)
Processed 3800 of 9528 games (39.9%)
Processed 3900 of 9528 games (40.9%)
Processed 4000 of 9528 games (42.0%)
Processed 4100 of 9528 games (43.0%)
Processed 4200 of 9528 games (44.1%)
Processed 4300 of 9528 games (45.1%)
Processed 4400 of 9528 games (46.2%)
Processed 4500 of 9528 games (47.2%)
Processed 4600 of 9528 games (48.3%)
Processed 4700 of 9528 games (49.3%)
🔄 New season detected (2023), resetting Elo to 1000
Processed 4800 of 9528 games (50.4%)
Processed 4900 of 9528 games (51.4%)
Processed 5000 of 9528 games (52.5%)
Processed 5100 of 9528 games (53.5%)
Processed 5200 of 9528 games (54.6%)
Processed 5300 of 9528 games (55.6%)
Processed 5400 of 9528 games (56.7%)
Processed 5500 of 9528 games (57.7%)
Processed 5600 of 9528 games (58.8%)
Processed 5700 of 9528 games (59.8%)
Processed 5800 of 9528 games (60.9%)
Processed 5900 of 9528 games (61.9%)
Processed 6000 of 9528 games (63.0%)
Processed 6100 of 9528 games (64.0%)
Processed 6200 of 9528 games (65.1%)
Processed 6300 of 9528 games (66.1%)
Processed 6400 of 9528 games (67.2%)
Processed 6500 of 9528 games (68.2%)
Processed 6600 of 9528 games (69.3%)
Processed 6700 of 9528 games (70.3%)
Processed 6800 of 9528 games (71.4%)
Processed 6900 of 9528 games (72.4%)
Processed 7000 of 9528 games (73.5%)
Processed 7100 of 9528 games (74.5%)
🔄 New season detected (2024), resetting Elo to 1000
Processed 7200 of 9528 games (75.6%)
Processed 7300 of 9528 games (76.6%)
Processed 7400 of 9528 games (77.7%)
Processed 7500 of 9528 games (78.7%)
Processed 7600 of 9528 games (79.8%)
Processed 7700 of 9528 games (80.8%)
Processed 7800 of 9528 games (81.9%)
Processed 7900 of 9528 games (82.9%)
Processed 8000 of 9528 games (84.0%)
Processed 8100 of 9528 games (85.0%)
Processed 8200 of 9528 games (86.1%)
Processed 8300 of 9528 games (87.1%)
Processed 8400 of 9528 games (88.2%)
Processed 8500 of 9528 games (89.2%)
Processed 8600 of 9528 games (90.3%)
Processed 8700 of 9528 games (91.3%)
Processed 8800 of 9528 games (92.4%)
Processed 8900 of 9528 games (93.4%)
Processed 9000 of 9528 games (94.5%)
Processed 9100 of 9528 games (95.5%)
Processed 9200 of 9528 games (96.6%)
Processed 9300 of 9528 games (97.6%)
Processed 9400 of 9528 games (98.7%)
Processed 9500 of 9528 games (99.7%)
2025: Processed 50 of 436 games (11.5%)
2025: Processed 100 of 436 games (22.9%)
2025: Processed 150 of 436 games (34.4%)
2025: Processed 200 of 436 games (45.9%)
2025: Processed 250 of 436 games (57.3%)
2025: Processed 300 of 436 games (68.8%)
2025: Processed 350 of 436 games (80.3%)
2025: Processed 400 of 436 games (91.7%)
2025-04-30 08:17:36 Team Elo System Implementation completed
